Added Component: Designator=Battery(PIN3V)
Add component (AddParameter): Name = "LatestRevisionDate"; Value = "17-Jul-2002"; VariantName = "[No Variations]"
Add component (AddParameter): Name = "LatestRevisionNote"; Value = "Re-released for DXP Platform."; VariantName = "[No Variations]"
Add component (AddParameter): Name = "PackageReference"; Value = "BAT-2"; VariantName = "[No Variations]"
Add component (AddParameter): Name = "Published"; Value = "24-Mar-1999"; VariantName = "[No Variations]"
Add component (AddParameter): Name = "Publisher"; Value = "Altium Limited"; VariantName = "[No Variations]"
Added Component: Designator=BR1(CAU 1A)
Added Component: Designator=BT1(SW4)
Added Component: Designator=BT2(SW4)
Added Component: Designator=BT3(SW4)
Added Component: Designator=C1(CP1.5/3.4)
Added Component: Designator=C2(CP1.5/3.4)
Added Component: Designator=CT1(CRYSTAL 32,768 kHz)
Add component (AddParameter): Name = "Value"; Value = "4Mhz"; VariantName = "[No Variations]"
Added Component: Designator=D1(DIODE/NOM/0.5A)
Add component (AddParameter): Name = "Code_JEDEC"; Value = "DO-204-AH"; VariantName = "[No Variations]"
Add component (AddParameter): Name = "ComponentLink1Description"; Value = "Manufacturer Link"; VariantName = "[No Variations]"
Add component (AddParameter): Name = "ComponentLink1URL"; Value = "http://www.fairchildsemi.com/"; VariantName = "[No Variations]"
Add component (AddParameter): Name = "ComponentLink2Description"; Value = "Datasheet"; VariantName = "[No Variations]"
Add component (AddParameter): Name = "ComponentLink2URL"; Value = "http://www.fairchildsemi.com/ds/1N%2F1N4448.pdf"; VariantName = "[No Variations]"
Add component (AddParameter): Name = "DatasheetDocument"; Value = "1997"; VariantName = "[No Variations]"
Add component (AddParameter): Name = "LatestRevisionDate"; Value = "17-Jul-2002"; VariantName = "[No Variations]"
Add component (AddParameter): Name = "LatestRevisionNote"; Value = "Re-released for DXP Platform."; VariantName = "[No Variations]"
Add component (AddParameter): Name = "PackageReference"; Value = "DO-35"; VariantName = "[No Variations]"
Add component (AddParameter): Name = "Published"; Value = "8-Jun-2000"; VariantName = "[No Variations]"
Add component (AddParameter): Name = "Publisher"; Value = "Altium Limited"; VariantName = "[No Variations]"
Added Component: Designator=DS1(7SEGS)
Add component (AddParameter): Name = "Value"; Value = "LED 7S SEG"; VariantName = "[No Variations]"
Added Component: Designator=DS2(7SEGS)
Add component (AddParameter): Name = "Value"; Value = "LED 7S SEG"; VariantName = "[No Variations]"
Added Component: Designator=DS3(7SEGS)
Add component (AddParameter): Name = "Value"; Value = "LED 7S SEG"; VariantName = "[No Variations]"
Added Component: Designator=DS4(7SEGS)
Add component (AddParameter): Name = "Value"; Value = "LED 7S SEG"; VariantName = "[No Variations]"
Added Component: Designator=DS5(7SEGS)
Add component (AddParameter): Name = "Value"; Value = "LED 7S SEG"; VariantName = "[No Variations]"
Added Component: Designator=DS6(7SEGS)
Add component (AddParameter): Name = "Value"; Value = "LED 7S SEG"; VariantName = "[No Variations]"
Added Component: Designator=HD1(HED8x2)
Add component (AddParameter): Name = "Value"; Value = "Header 5x2"; VariantName = "[No Variations]"
Added Component: Designator=HD2(HED8x2)
Add component (AddParameter): Name = "Value"; Value = "Header 5x2"; VariantName = "[No Variations]"
Added Component: Designator=IC1(DIP16/W0.3)
Add component (AddParameter): Name = "Value"; Value = "74HC595"; VariantName = "[No Variations]"
Added Component: Designator=IC2(DIP16/W0.3)
Add component (AddParameter): Name = "Value"; Value = "74HC595"; VariantName = "[No Variations]"
Added Component: Designator=IC3(DIP16/W0.3)
Add component (AddParameter): Name = "Value"; Value = "74HC595"; VariantName = "[No Variations]"
Added Component: Designator=IC4(DIP16/W0.3)
Add component (AddParameter): Name = "Value"; Value = "74HC595"; VariantName = "[No Variations]"
Added Component: Designator=IC5(DIP16/W0.3)
Add component (AddParameter): Name = "Value"; Value = "74HC595"; VariantName = "[No Variations]"
Added Component: Designator=IC6(DIP16/W0.3)
Add component (AddParameter): Name = "Value"; Value = "74HC595"; VariantName = "[No Variations]"
Added Component: Designator=IC7(DIP8)
Added Component: Designator=J1(CONN_PWR_JACK_2.1x5.5mm)
Add component (AddParameter): Name = "Category"; Value = "Connectors"; VariantName = "[No Variations]"
Add component (AddParameter): Name = "Manufacturer 1"; Value = "CUI Inc"; VariantName = "[No Variations]"
Add component (AddParameter): Name = "Manufacturer Part Number 1"; Value = "PJ-102AH"; VariantName = "[No Variations]"
Add component (AddParameter): Name = "Mounting Type"; Value = "Through Hole"; VariantName = "[No Variations]"
Add component (AddParameter): Name = "Package / Case"; Value = "PCB mount"; VariantName = "[No Variations]"
Add component (AddParameter): Name = "SCDType"; Value = "undef"; VariantName = "[No Variations]"
Add component (AddParameter): Name = "Supplier 1"; Value = "Digi-Key"; VariantName = "[No Variations]"
Add component (AddParameter): Name = "Supplier Part Number 1"; Value = "CP-102AH-ND"; VariantName = "[No Variations]"
Add component (AddParameter): Name = "Value"; Value = "2.1mm ID, 5.5mm OD"; VariantName = "[No Variations]"
Added Component: Designator=L1(PE-92102-100uH)
Added Component: Designator=LED1(LED-3)
Add component (AddParameter): Name = "Value"; Value = "LED 3 ly Single Colour"; VariantName = "[No Variations]"
Added Component: Designator=P1(HDR1X6)
Add component (AddParameter): Name = "LatestRevisionDate"; Value = "17-Jul-2002"; VariantName = "[No Variations]"
Add component (AddParameter): Name = "LatestRevisionNote"; Value = "Re-released for DXP Platform."; VariantName = "[No Variations]"
Add component (AddParameter): Name = "Publisher"; Value = "Altium Limited"; VariantName = "[No Variations]"
Added Component: Designator=P2(HDR2X6)
Add component (AddParameter): Name = "LatestRevisionDate"; Value = "17-Jul-2002"; VariantName = "[No Variations]"
Add component (AddParameter): Name = "LatestRevisionNote"; Value = "Re-released for DXP Platform."; VariantName = "[No Variations]"
Add component (AddParameter): Name = "Publisher"; Value = "Altium Limited"; VariantName = "[No Variations]"
Added Component: Designator=R1(RESC1005X40N)
Add component (AddParameter): Name = "Manufacturer 1"; Value = "Yageo"; VariantName = "[No Variations]"
Add component (AddParameter): Name = "Manufacturer Part Number 1"; Value = "CFR-25JB-220R"; VariantName = "[No Variations]"
Add component (AddParameter): Name = "Package / Case"; Value = "Axial"; VariantName = "[No Variations]"
Add component (AddParameter): Name = "Ratings"; Value = "1/4W"; VariantName = "[No Variations]"
Add component (AddParameter): Name = "SCDType"; Value = "spec"; VariantName = "[No Variations]"
Add component (AddParameter): Name = "Supplier 1"; Value = "Digi-Key"; VariantName = "[No Variations]"
Add component (AddParameter): Name = "Supplier Part Number 1"; Value = "220QBK-ND"; VariantName = "[No Variations]"
Add component (AddParameter): Name = "Tolerance"; Value = "±5%"; VariantName = "[No Variations]"
Add component (AddParameter): Name = "Value"; Value = "220R"; VariantName = "[No Variations]"
Added Component: Designator=R2(RESC1005X40N)
Add component (AddParameter): Name = "Manufacturer 1"; Value = "Yageo"; VariantName = "[No Variations]"
Add component (AddParameter): Name = "Manufacturer Part Number 1"; Value = "CFR-25JB-220R"; VariantName = "[No Variations]"
Add component (AddParameter): Name = "Package / Case"; Value = "Axial"; VariantName = "[No Variations]"
Add component (AddParameter): Name = "Ratings"; Value = "1/4W"; VariantName = "[No Variations]"
Add component (AddParameter): Name = "SCDType"; Value = "spec"; VariantName = "[No Variations]"
Add component (AddParameter): Name = "Supplier 1"; Value = "Digi-Key"; VariantName = "[No Variations]"
Add component (AddParameter): Name = "Supplier Part Number 1"; Value = "220QBK-ND"; VariantName = "[No Variations]"
Add component (AddParameter): Name = "Tolerance"; Value = "±5%"; VariantName = "[No Variations]"
Add component (AddParameter): Name = "Value"; Value = "220R"; VariantName = "[No Variations]"
Added Component: Designator=R3(RESC1005X40N)
Add component (AddParameter): Name = "Manufacturer 1"; Value = "Yageo"; VariantName = "[No Variations]"
Add component (AddParameter): Name = "Manufacturer Part Number 1"; Value = "CFR-25JB-220R"; VariantName = "[No Variations]"
Add component (AddParameter): Name = "Package / Case"; Value = "Axial"; VariantName = "[No Variations]"
Add component (AddParameter): Name = "Ratings"; Value = "1/4W"; VariantName = "[No Variations]"
Add component (AddParameter): Name = "SCDType"; Value = "spec"; VariantName = "[No Variations]"
Add component (AddParameter): Name = "Supplier 1"; Value = "Digi-Key"; VariantName = "[No Variations]"
Add component (AddParameter): Name = "Supplier Part Number 1"; Value = "220QBK-ND"; VariantName = "[No Variations]"
Add component (AddParameter): Name = "Tolerance"; Value = "±5%"; VariantName = "[No Variations]"
Add component (AddParameter): Name = "Value"; Value = "220R"; VariantName = "[No Variations]"
Added Component: Designator=R4(RESC1005X40N)
Add component (AddParameter): Name = "Manufacturer 1"; Value = "Yageo"; VariantName = "[No Variations]"
Add component (AddParameter): Name = "Manufacturer Part Number 1"; Value = "CFR-25JB-220R"; VariantName = "[No Variations]"
Add component (AddParameter): Name = "Package / Case"; Value = "Axial"; VariantName = "[No Variations]"
Add component (AddParameter): Name = "Ratings"; Value = "1/4W"; VariantName = "[No Variations]"
Add component (AddParameter): Name = "SCDType"; Value = "spec"; VariantName = "[No Variations]"
Add component (AddParameter): Name = "Supplier 1"; Value = "Digi-Key"; VariantName = "[No Variations]"
Add component (AddParameter): Name = "Supplier Part Number 1"; Value = "220QBK-ND"; VariantName = "[No Variations]"
Add component (AddParameter): Name = "Tolerance"; Value = "±5%"; VariantName = "[No Variations]"
Add component (AddParameter): Name = "Value"; Value = "220R"; VariantName = "[No Variations]"
Added Component: Designator=R5(RESC1005X40N)
Add component (AddParameter): Name = "Manufacturer 1"; Value = "Yageo"; VariantName = "[No Variations]"
Add component (AddParameter): Name = "Manufacturer Part Number 1"; Value = "CFR-25JB-220R"; VariantName = "[No Variations]"
Add component (AddParameter): Name = "Package / Case"; Value = "Axial"; VariantName = "[No Variations]"
Add component (AddParameter): Name = "Ratings"; Value = "1/4W"; VariantName = "[No Variations]"
Add component (AddParameter): Name = "SCDType"; Value = "spec"; VariantName = "[No Variations]"
Add component (AddParameter): Name = "Supplier 1"; Value = "Digi-Key"; VariantName = "[No Variations]"
Add component (AddParameter): Name = "Supplier Part Number 1"; Value = "220QBK-ND"; VariantName = "[No Variations]"
Add component (AddParameter): Name = "Tolerance"; Value = "±5%"; VariantName = "[No Variations]"
Add component (AddParameter): Name = "Value"; Value = "220R"; VariantName = "[No Variations]"
Added Component: Designator=R6(RESC1005X40N)
Add component (AddParameter): Name = "Manufacturer 1"; Value = "Yageo"; VariantName = "[No Variations]"
Add component (AddParameter): Name = "Manufacturer Part Number 1"; Value = "CFR-25JB-220R"; VariantName = "[No Variations]"
Add component (AddParameter): Name = "Package / Case"; Value = "Axial"; VariantName = "[No Variations]"
Add component (AddParameter): Name = "Ratings"; Value = "1/4W"; VariantName = "[No Variations]"
Add component (AddParameter): Name = "SCDType"; Value = "spec"; VariantName = "[No Variations]"
Add component (AddParameter): Name = "Supplier 1"; Value = "Digi-Key"; VariantName = "[No Variations]"
Add component (AddParameter): Name = "Supplier Part Number 1"; Value = "220QBK-ND"; VariantName = "[No Variations]"
Add component (AddParameter): Name = "Tolerance"; Value = "±5%"; VariantName = "[No Variations]"
Add component (AddParameter): Name = "Value"; Value = "220R"; VariantName = "[No Variations]"
Added Component: Designator=R7(RESC1005X40N)
Add component (AddParameter): Name = "Manufacturer 1"; Value = "Yageo"; VariantName = "[No Variations]"
Add component (AddParameter): Name = "Manufacturer Part Number 1"; Value = "CFR-25JB-220R"; VariantName = "[No Variations]"
Add component (AddParameter): Name = "Package / Case"; Value = "Axial"; VariantName = "[No Variations]"
Add component (AddParameter): Name = "Ratings"; Value = "1/4W"; VariantName = "[No Variations]"
Add component (AddParameter): Name = "SCDType"; Value = "spec"; VariantName = "[No Variations]"
Add component (AddParameter): Name = "Supplier 1"; Value = "Digi-Key"; VariantName = "[No Variations]"
Add component (AddParameter): Name = "Supplier Part Number 1"; Value = "220QBK-ND"; VariantName = "[No Variations]"
Add component (AddParameter): Name = "Tolerance"; Value = "±5%"; VariantName = "[No Variations]"
Add component (AddParameter): Name = "Value"; Value = "220R"; VariantName = "[No Variations]"
Added Component: Designator=R8(RESC1005X40N)
Add component (AddParameter): Name = "Manufacturer 1"; Value = "Yageo"; VariantName = "[No Variations]"
Add component (AddParameter): Name = "Manufacturer Part Number 1"; Value = "CFR-25JB-220R"; VariantName = "[No Variations]"
Add component (AddParameter): Name = "Package / Case"; Value = "Axial"; VariantName = "[No Variations]"
Add component (AddParameter): Name = "Ratings"; Value = "1/4W"; VariantName = "[No Variations]"
Add component (AddParameter): Name = "SCDType"; Value = "spec"; VariantName = "[No Variations]"
Add component (AddParameter): Name = "Supplier 1"; Value = "Digi-Key"; VariantName = "[No Variations]"
Add component (AddParameter): Name = "Supplier Part Number 1"; Value = "220QBK-ND"; VariantName = "[No Variations]"
Add component (AddParameter): Name = "Tolerance"; Value = "±5%"; VariantName = "[No Variations]"
Add component (AddParameter): Name = "Value"; Value = "220R"; VariantName = "[No Variations]"
Added Component: Designator=R9(RESC1005X40N)
Add component (AddParameter): Name = "Manufacturer 1"; Value = "Yageo"; VariantName = "[No Variations]"
Add component (AddParameter): Name = "Manufacturer Part Number 1"; Value = "CFR-25JB-220R"; VariantName = "[No Variations]"
Add component (AddParameter): Name = "Package / Case"; Value = "Axial"; VariantName = "[No Variations]"
Add component (AddParameter): Name = "Ratings"; Value = "1/4W"; VariantName = "[No Variations]"
Add component (AddParameter): Name = "SCDType"; Value = "spec"; VariantName = "[No Variations]"
Add component (AddParameter): Name = "Supplier 1"; Value = "Digi-Key"; VariantName = "[No Variations]"
Add component (AddParameter): Name = "Supplier Part Number 1"; Value = "220QBK-ND"; VariantName = "[No Variations]"
Add component (AddParameter): Name = "Tolerance"; Value = "±5%"; VariantName = "[No Variations]"
Add component (AddParameter): Name = "Value"; Value = "220R"; VariantName = "[No Variations]"
Added Component: Designator=R10(RESC1005X40N)
Add component (AddParameter): Name = "Manufacturer 1"; Value = "Yageo"; VariantName = "[No Variations]"
Add component (AddParameter): Name = "Manufacturer Part Number 1"; Value = "CFR-25JB-220R"; VariantName = "[No Variations]"
Add component (AddParameter): Name = "Package / Case"; Value = "Axial"; VariantName = "[No Variations]"
Add component (AddParameter): Name = "Ratings"; Value = "1/4W"; VariantName = "[No Variations]"
Add component (AddParameter): Name = "SCDType"; Value = "spec"; VariantName = "[No Variations]"
Add component (AddParameter): Name = "Supplier 1"; Value = "Digi-Key"; VariantName = "[No Variations]"
Add component (AddParameter): Name = "Supplier Part Number 1"; Value = "220QBK-ND"; VariantName = "[No Variations]"
Add component (AddParameter): Name = "Tolerance"; Value = "±5%"; VariantName = "[No Variations]"
Add component (AddParameter): Name = "Value"; Value = "220R"; VariantName = "[No Variations]"
Added Component: Designator=R11(RESC1005X40N)
Add component (AddParameter): Name = "Manufacturer 1"; Value = "Yageo"; VariantName = "[No Variations]"
Add component (AddParameter): Name = "Manufacturer Part Number 1"; Value = "CFR-25JB-220R"; VariantName = "[No Variations]"
Add component (AddParameter): Name = "Package / Case"; Value = "Axial"; VariantName = "[No Variations]"
Add component (AddParameter): Name = "Ratings"; Value = "1/4W"; VariantName = "[No Variations]"
Add component (AddParameter): Name = "SCDType"; Value = "spec"; VariantName = "[No Variations]"
Add component (AddParameter): Name = "Supplier 1"; Value = "Digi-Key"; VariantName = "[No Variations]"
Add component (AddParameter): Name = "Supplier Part Number 1"; Value = "220QBK-ND"; VariantName = "[No Variations]"
Add component (AddParameter): Name = "Tolerance"; Value = "±5%"; VariantName = "[No Variations]"
Add component (AddParameter): Name = "Value"; Value = "220R"; VariantName = "[No Variations]"
Added Component: Designator=R12(RESC1005X40N)
Add component (AddParameter): Name = "Manufacturer 1"; Value = "Yageo"; VariantName = "[No Variations]"
Add component (AddParameter): Name = "Manufacturer Part Number 1"; Value = "CFR-25JB-220R"; VariantName = "[No Variations]"
Add component (AddParameter): Name = "Package / Case"; Value = "Axial"; VariantName = "[No Variations]"
Add component (AddParameter): Name = "Ratings"; Value = "1/4W"; VariantName = "[No Variations]"
Add component (AddParameter): Name = "SCDType"; Value = "spec"; VariantName = "[No Variations]"
Add component (AddParameter): Name = "Supplier 1"; Value = "Digi-Key"; VariantName = "[No Variations]"
Add component (AddParameter): Name = "Supplier Part Number 1"; Value = "220QBK-ND"; VariantName = "[No Variations]"
Add component (AddParameter): Name = "Tolerance"; Value = "±5%"; VariantName = "[No Variations]"
Add component (AddParameter): Name = "Value"; Value = "220R"; VariantName = "[No Variations]"
Added Component: Designator=R13(RESC1005X40N)
Add component (AddParameter): Name = "Manufacturer 1"; Value = "Yageo"; VariantName = "[No Variations]"
Add component (AddParameter): Name = "Manufacturer Part Number 1"; Value = "CFR-25JB-220R"; VariantName = "[No Variations]"
Add component (AddParameter): Name = "Package / Case"; Value = "Axial"; VariantName = "[No Variations]"
Add component (AddParameter): Name = "Ratings"; Value = "1/4W"; VariantName = "[No Variations]"
Add component (AddParameter): Name = "SCDType"; Value = "spec"; VariantName = "[No Variations]"
Add component (AddParameter): Name = "Supplier 1"; Value = "Digi-Key"; VariantName = "[No Variations]"
Add component (AddParameter): Name = "Supplier Part Number 1"; Value = "220QBK-ND"; VariantName = "[No Variations]"
Add component (AddParameter): Name = "Tolerance"; Value = "±5%"; VariantName = "[No Variations]"
Add component (AddParameter): Name = "Value"; Value = "220R"; VariantName = "[No Variations]"
Added Component: Designator=R14(RESC1005X40N)
Add component (AddParameter): Name = "Manufacturer 1"; Value = "Yageo"; VariantName = "[No Variations]"
Add component (AddParameter): Name = "Manufacturer Part Number 1"; Value = "CFR-25JB-220R"; VariantName = "[No Variations]"
Add component (AddParameter): Name = "Package / Case"; Value = "Axial"; VariantName = "[No Variations]"
Add component (AddParameter): Name = "Ratings"; Value = "1/4W"; VariantName = "[No Variations]"
Add component (AddParameter): Name = "SCDType"; Value = "spec"; VariantName = "[No Variations]"
Add component (AddParameter): Name = "Supplier 1"; Value = "Digi-Key"; VariantName = "[No Variations]"
Add component (AddParameter): Name = "Supplier Part Number 1"; Value = "220QBK-ND"; VariantName = "[No Variations]"
Add component (AddParameter): Name = "Tolerance"; Value = "±5%"; VariantName = "[No Variations]"
Add component (AddParameter): Name = "Value"; Value = "220R"; VariantName = "[No Variations]"
Added Component: Designator=R15(RESC1005X40N)
Add component (AddParameter): Name = "Manufacturer 1"; Value = "Yageo"; VariantName = "[No Variations]"
Add component (AddParameter): Name = "Manufacturer Part Number 1"; Value = "CFR-25JB-220R"; VariantName = "[No Variations]"
Add component (AddParameter): Name = "Package / Case"; Value = "Axial"; VariantName = "[No Variations]"
Add component (AddParameter): Name = "Ratings"; Value = "1/4W"; VariantName = "[No Variations]"
Add component (AddParameter): Name = "SCDType"; Value = "spec"; VariantName = "[No Variations]"
Add component (AddParameter): Name = "Supplier 1"; Value = "Digi-Key"; VariantName = "[No Variations]"
Add component (AddParameter): Name = "Supplier Part Number 1"; Value = "220QBK-ND"; VariantName = "[No Variations]"
Add component (AddParameter): Name = "Tolerance"; Value = "±5%"; VariantName = "[No Variations]"
Add component (AddParameter): Name = "Value"; Value = "220R"; VariantName = "[No Variations]"
Added Component: Designator=R16(RESC1005X40N)
Add component (AddParameter): Name = "Manufacturer 1"; Value = "Yageo"; VariantName = "[No Variations]"
Add component (AddParameter): Name = "Manufacturer Part Number 1"; Value = "CFR-25JB-220R"; VariantName = "[No Variations]"
Add component (AddParameter): Name = "Package / Case"; Value = "Axial"; VariantName = "[No Variations]"
Add component (AddParameter): Name = "Ratings"; Value = "1/4W"; VariantName = "[No Variations]"
Add component (AddParameter): Name = "SCDType"; Value = "spec"; VariantName = "[No Variations]"
Add component (AddParameter): Name = "Supplier 1"; Value = "Digi-Key"; VariantName = "[No Variations]"
Add component (AddParameter): Name = "Supplier Part Number 1"; Value = "220QBK-ND"; VariantName = "[No Variations]"
Add component (AddParameter): Name = "Tolerance"; Value = "±5%"; VariantName = "[No Variations]"
Add component (AddParameter): Name = "Value"; Value = "220R"; VariantName = "[No Variations]"
Added Component: Designator=R17(RESC1005X40N)
Add component (AddParameter): Name = "Manufacturer 1"; Value = "Yageo"; VariantName = "[No Variations]"
Add component (AddParameter): Name = "Manufacturer Part Number 1"; Value = "CFR-25JB-220R"; VariantName = "[No Variations]"
Add component (AddParameter): Name = "Package / Case"; Value = "Axial"; VariantName = "[No Variations]"
Add component (AddParameter): Name = "Ratings"; Value = "1/4W"; VariantName = "[No Variations]"
Add component (AddParameter): Name = "SCDType"; Value = "spec"; VariantName = "[No Variations]"
Add component (AddParameter): Name = "Supplier 1"; Value = "Digi-Key"; VariantName = "[No Variations]"
Add component (AddParameter): Name = "Supplier Part Number 1"; Value = "220QBK-ND"; VariantName = "[No Variations]"
Add component (AddParameter): Name = "Tolerance"; Value = "±5%"; VariantName = "[No Variations]"
Add component (AddParameter): Name = "Value"; Value = "220R"; VariantName = "[No Variations]"
Added Component: Designator=R18(RESC1005X40N)
Add component (AddParameter): Name = "Manufacturer 1"; Value = "Yageo"; VariantName = "[No Variations]"
Add component (AddParameter): Name = "Manufacturer Part Number 1"; Value = "CFR-25JB-220R"; VariantName = "[No Variations]"
Add component (AddParameter): Name = "Package / Case"; Value = "Axial"; VariantName = "[No Variations]"
Add component (AddParameter): Name = "Ratings"; Value = "1/4W"; VariantName = "[No Variations]"
Add component (AddParameter): Name = "SCDType"; Value = "spec"; VariantName = "[No Variations]"
Add component (AddParameter): Name = "Supplier 1"; Value = "Digi-Key"; VariantName = "[No Variations]"
Add component (AddParameter): Name = "Supplier Part Number 1"; Value = "220QBK-ND"; VariantName = "[No Variations]"
Add component (AddParameter): Name = "Tolerance"; Value = "±5%"; VariantName = "[No Variations]"
Add component (AddParameter): Name = "Value"; Value = "220R"; VariantName = "[No Variations]"
Added Component: Designator=R19(RESC1005X40N)
Add component (AddParameter): Name = "Manufacturer 1"; Value = "Yageo"; VariantName = "[No Variations]"
Add component (AddParameter): Name = "Manufacturer Part Number 1"; Value = "CFR-25JB-220R"; VariantName = "[No Variations]"
Add component (AddParameter): Name = "Package / Case"; Value = "Axial"; VariantName = "[No Variations]"
Add component (AddParameter): Name = "Ratings"; Value = "1/4W"; VariantName = "[No Variations]"
Add component (AddParameter): Name = "SCDType"; Value = "spec"; VariantName = "[No Variations]"
Add component (AddParameter): Name = "Supplier 1"; Value = "Digi-Key"; VariantName = "[No Variations]"
Add component (AddParameter): Name = "Supplier Part Number 1"; Value = "220QBK-ND"; VariantName = "[No Variations]"
Add component (AddParameter): Name = "Tolerance"; Value = "±5%"; VariantName = "[No Variations]"
Add component (AddParameter): Name = "Value"; Value = "220R"; VariantName = "[No Variations]"
Added Component: Designator=R20(RESC1005X40N)
Add component (AddParameter): Name = "Manufacturer 1"; Value = "Yageo"; VariantName = "[No Variations]"
Add component (AddParameter): Name = "Manufacturer Part Number 1"; Value = "CFR-25JB-220R"; VariantName = "[No Variations]"
Add component (AddParameter): Name = "Package / Case"; Value = "Axial"; VariantName = "[No Variations]"
Add component (AddParameter): Name = "Ratings"; Value = "1/4W"; VariantName = "[No Variations]"
Add component (AddParameter): Name = "SCDType"; Value = "spec"; VariantName = "[No Variations]"
Add component (AddParameter): Name = "Supplier 1"; Value = "Digi-Key"; VariantName = "[No Variations]"
Add component (AddParameter): Name = "Supplier Part Number 1"; Value = "220QBK-ND"; VariantName = "[No Variations]"
Add component (AddParameter): Name = "Tolerance"; Value = "±5%"; VariantName = "[No Variations]"
Add component (AddParameter): Name = "Value"; Value = "220R"; VariantName = "[No Variations]"
Added Component: Designator=R21(RESC1005X40N)
Add component (AddParameter): Name = "Manufacturer 1"; Value = "Yageo"; VariantName = "[No Variations]"
Add component (AddParameter): Name = "Manufacturer Part Number 1"; Value = "CFR-25JB-220R"; VariantName = "[No Variations]"
Add component (AddParameter): Name = "Package / Case"; Value = "Axial"; VariantName = "[No Variations]"
Add component (AddParameter): Name = "Ratings"; Value = "1/4W"; VariantName = "[No Variations]"
Add component (AddParameter): Name = "SCDType"; Value = "spec"; VariantName = "[No Variations]"
Add component (AddParameter): Name = "Supplier 1"; Value = "Digi-Key"; VariantName = "[No Variations]"
Add component (AddParameter): Name = "Supplier Part Number 1"; Value = "220QBK-ND"; VariantName = "[No Variations]"
Add component (AddParameter): Name = "Tolerance"; Value = "±5%"; VariantName = "[No Variations]"
Add component (AddParameter): Name = "Value"; Value = "220R"; VariantName = "[No Variations]"
Added Component: Designator=R22(RESC1005X40N)
Add component (AddParameter): Name = "Manufacturer 1"; Value = "Yageo"; VariantName = "[No Variations]"
Add component (AddParameter): Name = "Manufacturer Part Number 1"; Value = "CFR-25JB-220R"; VariantName = "[No Variations]"
Add component (AddParameter): Name = "Package / Case"; Value = "Axial"; VariantName = "[No Variations]"
Add component (AddParameter): Name = "Ratings"; Value = "1/4W"; VariantName = "[No Variations]"
Add component (AddParameter): Name = "SCDType"; Value = "spec"; VariantName = "[No Variations]"
Add component (AddParameter): Name = "Supplier 1"; Value = "Digi-Key"; VariantName = "[No Variations]"
Add component (AddParameter): Name = "Supplier Part Number 1"; Value = "220QBK-ND"; VariantName = "[No Variations]"
Add component (AddParameter): Name = "Tolerance"; Value = "±5%"; VariantName = "[No Variations]"
Add component (AddParameter): Name = "Value"; Value = "220R"; VariantName = "[No Variations]"
Added Component: Designator=R23(RESC1005X40N)
Add component (AddParameter): Name = "Manufacturer 1"; Value = "Yageo"; VariantName = "[No Variations]"
Add component (AddParameter): Name = "Manufacturer Part Number 1"; Value = "CFR-25JB-220R"; VariantName = "[No Variations]"
Add component (AddParameter): Name = "Package / Case"; Value = "Axial"; VariantName = "[No Variations]"
Add component (AddParameter): Name = "Ratings"; Value = "1/4W"; VariantName = "[No Variations]"
Add component (AddParameter): Name = "SCDType"; Value = "spec"; VariantName = "[No Variations]"
Add component (AddParameter): Name = "Supplier 1"; Value = "Digi-Key"; VariantName = "[No Variations]"
Add component (AddParameter): Name = "Supplier Part Number 1"; Value = "220QBK-ND"; VariantName = "[No Variations]"
Add component (AddParameter): Name = "Tolerance"; Value = "±5%"; VariantName = "[No Variations]"
Add component (AddParameter): Name = "Value"; Value = "220R"; VariantName = "[No Variations]"
Added Component: Designator=R24(RESC1005X40N)
Add component (AddParameter): Name = "Manufacturer 1"; Value = "Yageo"; VariantName = "[No Variations]"
Add component (AddParameter): Name = "Manufacturer Part Number 1"; Value = "CFR-25JB-220R"; VariantName = "[No Variations]"
Add component (AddParameter): Name = "Package / Case"; Value = "Axial"; VariantName = "[No Variations]"
Add component (AddParameter): Name = "Ratings"; Value = "1/4W"; VariantName = "[No Variations]"
Add component (AddParameter): Name = "SCDType"; Value = "spec"; VariantName = "[No Variations]"
Add component (AddParameter): Name = "Supplier 1"; Value = "Digi-Key"; VariantName = "[No Variations]"
Add component (AddParameter): Name = "Supplier Part Number 1"; Value = "220QBK-ND"; VariantName = "[No Variations]"
Add component (AddParameter): Name = "Tolerance"; Value = "±5%"; VariantName = "[No Variations]"
Add component (AddParameter): Name = "Value"; Value = "220R"; VariantName = "[No Variations]"
Added Component: Designator=R25(RESC1005X40N)
Add component (AddParameter): Name = "Manufacturer 1"; Value = "Yageo"; VariantName = "[No Variations]"
Add component (AddParameter): Name = "Manufacturer Part Number 1"; Value = "CFR-25JB-220R"; VariantName = "[No Variations]"
Add component (AddParameter): Name = "Package / Case"; Value = "Axial"; VariantName = "[No Variations]"
Add component (AddParameter): Name = "Ratings"; Value = "1/4W"; VariantName = "[No Variations]"
Add component (AddParameter): Name = "SCDType"; Value = "spec"; VariantName = "[No Variations]"
Add component (AddParameter): Name = "Supplier 1"; Value = "Digi-Key"; VariantName = "[No Variations]"
Add component (AddParameter): Name = "Supplier Part Number 1"; Value = "220QBK-ND"; VariantName = "[No Variations]"
Add component (AddParameter): Name = "Tolerance"; Value = "±5%"; VariantName = "[No Variations]"
Add component (AddParameter): Name = "Value"; Value = "220R"; VariantName = "[No Variations]"
Added Component: Designator=R26(RESC1005X40N)
Add component (AddParameter): Name = "Manufacturer 1"; Value = "Yageo"; VariantName = "[No Variations]"
Add component (AddParameter): Name = "Manufacturer Part Number 1"; Value = "CFR-25JB-220R"; VariantName = "[No Variations]"
Add component (AddParameter): Name = "Package / Case"; Value = "Axial"; VariantName = "[No Variations]"
Add component (AddParameter): Name = "Ratings"; Value = "1/4W"; VariantName = "[No Variations]"
Add component (AddParameter): Name = "SCDType"; Value = "spec"; VariantName = "[No Variations]"
Add component (AddParameter): Name = "Supplier 1"; Value = "Digi-Key"; VariantName = "[No Variations]"
Add component (AddParameter): Name = "Supplier Part Number 1"; Value = "220QBK-ND"; VariantName = "[No Variations]"
Add component (AddParameter): Name = "Tolerance"; Value = "±5%"; VariantName = "[No Variations]"
Add component (AddParameter): Name = "Value"; Value = "220R"; VariantName = "[No Variations]"
Added Component: Designator=R27(RESC1005X40N)
Add component (AddParameter): Name = "Manufacturer 1"; Value = "Yageo"; VariantName = "[No Variations]"
Add component (AddParameter): Name = "Manufacturer Part Number 1"; Value = "CFR-25JB-220R"; VariantName = "[No Variations]"
Add component (AddParameter): Name = "Package / Case"; Value = "Axial"; VariantName = "[No Variations]"
Add component (AddParameter): Name = "Ratings"; Value = "1/4W"; VariantName = "[No Variations]"
Add component (AddParameter): Name = "SCDType"; Value = "spec"; VariantName = "[No Variations]"
Add component (AddParameter): Name = "Supplier 1"; Value = "Digi-Key"; VariantName = "[No Variations]"
Add component (AddParameter): Name = "Supplier Part Number 1"; Value = "220QBK-ND"; VariantName = "[No Variations]"
Add component (AddParameter): Name = "Tolerance"; Value = "±5%"; VariantName = "[No Variations]"
Add component (AddParameter): Name = "Value"; Value = "220R"; VariantName = "[No Variations]"
Added Component: Designator=R28(RESC1005X40N)
Add component (AddParameter): Name = "Manufacturer 1"; Value = "Yageo"; VariantName = "[No Variations]"
Add component (AddParameter): Name = "Manufacturer Part Number 1"; Value = "CFR-25JB-220R"; VariantName = "[No Variations]"
Add component (AddParameter): Name = "Package / Case"; Value = "Axial"; VariantName = "[No Variations]"
Add component (AddParameter): Name = "Ratings"; Value = "1/4W"; VariantName = "[No Variations]"
Add component (AddParameter): Name = "SCDType"; Value = "spec"; VariantName = "[No Variations]"
Add component (AddParameter): Name = "Supplier 1"; Value = "Digi-Key"; VariantName = "[No Variations]"
Add component (AddParameter): Name = "Supplier Part Number 1"; Value = "220QBK-ND"; VariantName = "[No Variations]"
Add component (AddParameter): Name = "Tolerance"; Value = "±5%"; VariantName = "[No Variations]"
Add component (AddParameter): Name = "Value"; Value = "220R"; VariantName = "[No Variations]"
Added Component: Designator=R29(RESC1005X40N)
Add component (AddParameter): Name = "Manufacturer 1"; Value = "Yageo"; VariantName = "[No Variations]"
Add component (AddParameter): Name = "Manufacturer Part Number 1"; Value = "CFR-25JB-220R"; VariantName = "[No Variations]"
Add component (AddParameter): Name = "Package / Case"; Value = "Axial"; VariantName = "[No Variations]"
Add component (AddParameter): Name = "Ratings"; Value = "1/4W"; VariantName = "[No Variations]"
Add component (AddParameter): Name = "SCDType"; Value = "spec"; VariantName = "[No Variations]"
Add component (AddParameter): Name = "Supplier 1"; Value = "Digi-Key"; VariantName = "[No Variations]"
Add component (AddParameter): Name = "Supplier Part Number 1"; Value = "220QBK-ND"; VariantName = "[No Variations]"
Add component (AddParameter): Name = "Tolerance"; Value = "±5%"; VariantName = "[No Variations]"
Add component (AddParameter): Name = "Value"; Value = "220R"; VariantName = "[No Variations]"
Added Component: Designator=R30(RESC1005X40N)
Add component (AddParameter): Name = "Manufacturer 1"; Value = "Yageo"; VariantName = "[No Variations]"
Add component (AddParameter): Name = "Manufacturer Part Number 1"; Value = "CFR-25JB-220R"; VariantName = "[No Variations]"
Add component (AddParameter): Name = "Package / Case"; Value = "Axial"; VariantName = "[No Variations]"
Add component (AddParameter): Name = "Ratings"; Value = "1/4W"; VariantName = "[No Variations]"
Add component (AddParameter): Name = "SCDType"; Value = "spec"; VariantName = "[No Variations]"
Add component (AddParameter): Name = "Supplier 1"; Value = "Digi-Key"; VariantName = "[No Variations]"
Add component (AddParameter): Name = "Supplier Part Number 1"; Value = "220QBK-ND"; VariantName = "[No Variations]"
Add component (AddParameter): Name = "Tolerance"; Value = "±5%"; VariantName = "[No Variations]"
Add component (AddParameter): Name = "Value"; Value = "220R"; VariantName = "[No Variations]"
Added Component: Designator=R31(RESC1005X40N)
Add component (AddParameter): Name = "Manufacturer 1"; Value = "Yageo"; VariantName = "[No Variations]"
Add component (AddParameter): Name = "Manufacturer Part Number 1"; Value = "CFR-25JB-220R"; VariantName = "[No Variations]"
Add component (AddParameter): Name = "Package / Case"; Value = "Axial"; VariantName = "[No Variations]"
Add component (AddParameter): Name = "Ratings"; Value = "1/4W"; VariantName = "[No Variations]"
Add component (AddParameter): Name = "SCDType"; Value = "spec"; VariantName = "[No Variations]"
Add component (AddParameter): Name = "Supplier 1"; Value = "Digi-Key"; VariantName = "[No Variations]"
Add component (AddParameter): Name = "Supplier Part Number 1"; Value = "220QBK-ND"; VariantName = "[No Variations]"
Add component (AddParameter): Name = "Tolerance"; Value = "±5%"; VariantName = "[No Variations]"
Add component (AddParameter): Name = "Value"; Value = "220R"; VariantName = "[No Variations]"
Added Component: Designator=R32(RESC1005X40N)
Add component (AddParameter): Name = "Manufacturer 1"; Value = "Yageo"; VariantName = "[No Variations]"
Add component (AddParameter): Name = "Manufacturer Part Number 1"; Value = "CFR-25JB-220R"; VariantName = "[No Variations]"
Add component (AddParameter): Name = "Package / Case"; Value = "Axial"; VariantName = "[No Variations]"
Add component (AddParameter): Name = "Ratings"; Value = "1/4W"; VariantName = "[No Variations]"
Add component (AddParameter): Name = "SCDType"; Value = "spec"; VariantName = "[No Variations]"
Add component (AddParameter): Name = "Supplier 1"; Value = "Digi-Key"; VariantName = "[No Variations]"
Add component (AddParameter): Name = "Supplier Part Number 1"; Value = "220QBK-ND"; VariantName = "[No Variations]"
Add component (AddParameter): Name = "Tolerance"; Value = "±5%"; VariantName = "[No Variations]"
Add component (AddParameter): Name = "Value"; Value = "220R"; VariantName = "[No Variations]"
Added Component: Designator=R33(RESC1005X40N)
Add component (AddParameter): Name = "Manufacturer 1"; Value = "Yageo"; VariantName = "[No Variations]"
Add component (AddParameter): Name = "Manufacturer Part Number 1"; Value = "CFR-25JB-220R"; VariantName = "[No Variations]"
Add component (AddParameter): Name = "Package / Case"; Value = "Axial"; VariantName = "[No Variations]"
Add component (AddParameter): Name = "Ratings"; Value = "1/4W"; VariantName = "[No Variations]"
Add component (AddParameter): Name = "SCDType"; Value = "spec"; VariantName = "[No Variations]"
Add component (AddParameter): Name = "Supplier 1"; Value = "Digi-Key"; VariantName = "[No Variations]"
Add component (AddParameter): Name = "Supplier Part Number 1"; Value = "220QBK-ND"; VariantName = "[No Variations]"
Add component (AddParameter): Name = "Tolerance"; Value = "±5%"; VariantName = "[No Variations]"
Add component (AddParameter): Name = "Value"; Value = "220R"; VariantName = "[No Variations]"
Added Component: Designator=R34(RESC1005X40N)
Add component (AddParameter): Name = "Manufacturer 1"; Value = "Yageo"; VariantName = "[No Variations]"
Add component (AddParameter): Name = "Manufacturer Part Number 1"; Value = "CFR-25JB-220R"; VariantName = "[No Variations]"
Add component (AddParameter): Name = "Package / Case"; Value = "Axial"; VariantName = "[No Variations]"
Add component (AddParameter): Name = "Ratings"; Value = "1/4W"; VariantName = "[No Variations]"
Add component (AddParameter): Name = "SCDType"; Value = "spec"; VariantName = "[No Variations]"
Add component (AddParameter): Name = "Supplier 1"; Value = "Digi-Key"; VariantName = "[No Variations]"
Add component (AddParameter): Name = "Supplier Part Number 1"; Value = "220QBK-ND"; VariantName = "[No Variations]"
Add component (AddParameter): Name = "Tolerance"; Value = "±5%"; VariantName = "[No Variations]"
Add component (AddParameter): Name = "Value"; Value = "220R"; VariantName = "[No Variations]"
Added Component: Designator=R35(RESC1005X40N)
Add component (AddParameter): Name = "Manufacturer 1"; Value = "Yageo"; VariantName = "[No Variations]"
Add component (AddParameter): Name = "Manufacturer Part Number 1"; Value = "CFR-25JB-220R"; VariantName = "[No Variations]"
Add component (AddParameter): Name = "Package / Case"; Value = "Axial"; VariantName = "[No Variations]"
Add component (AddParameter): Name = "Ratings"; Value = "1/4W"; VariantName = "[No Variations]"
Add component (AddParameter): Name = "SCDType"; Value = "spec"; VariantName = "[No Variations]"
Add component (AddParameter): Name = "Supplier 1"; Value = "Digi-Key"; VariantName = "[No Variations]"
Add component (AddParameter): Name = "Supplier Part Number 1"; Value = "220QBK-ND"; VariantName = "[No Variations]"
Add component (AddParameter): Name = "Tolerance"; Value = "±5%"; VariantName = "[No Variations]"
Add component (AddParameter): Name = "Value"; Value = "220R"; VariantName = "[No Variations]"
Added Component: Designator=R36(RESC1005X40N)
Add component (AddParameter): Name = "Manufacturer 1"; Value = "Yageo"; VariantName = "[No Variations]"
Add component (AddParameter): Name = "Manufacturer Part Number 1"; Value = "CFR-25JB-220R"; VariantName = "[No Variations]"
Add component (AddParameter): Name = "Package / Case"; Value = "Axial"; VariantName = "[No Variations]"
Add component (AddParameter): Name = "Ratings"; Value = "1/4W"; VariantName = "[No Variations]"
Add component (AddParameter): Name = "SCDType"; Value = "spec"; VariantName = "[No Variations]"
Add component (AddParameter): Name = "Supplier 1"; Value = "Digi-Key"; VariantName = "[No Variations]"
Add component (AddParameter): Name = "Supplier Part Number 1"; Value = "220QBK-ND"; VariantName = "[No Variations]"
Add component (AddParameter): Name = "Tolerance"; Value = "±5%"; VariantName = "[No Variations]"
Add component (AddParameter): Name = "Value"; Value = "220R"; VariantName = "[No Variations]"
Added Component: Designator=R37(RESC1005X40N)
Add component (AddParameter): Name = "Manufacturer 1"; Value = "Yageo"; VariantName = "[No Variations]"
Add component (AddParameter): Name = "Manufacturer Part Number 1"; Value = "CFR-25JB-220R"; VariantName = "[No Variations]"
Add component (AddParameter): Name = "Package / Case"; Value = "Axial"; VariantName = "[No Variations]"
Add component (AddParameter): Name = "Ratings"; Value = "1/4W"; VariantName = "[No Variations]"
Add component (AddParameter): Name = "SCDType"; Value = "spec"; VariantName = "[No Variations]"
Add component (AddParameter): Name = "Supplier 1"; Value = "Digi-Key"; VariantName = "[No Variations]"
Add component (AddParameter): Name = "Supplier Part Number 1"; Value = "220QBK-ND"; VariantName = "[No Variations]"
Add component (AddParameter): Name = "Tolerance"; Value = "±5%"; VariantName = "[No Variations]"
Add component (AddParameter): Name = "Value"; Value = "220R"; VariantName = "[No Variations]"
Added Component: Designator=R38(RESC1005X40N)
Add component (AddParameter): Name = "Manufacturer 1"; Value = "Yageo"; VariantName = "[No Variations]"
Add component (AddParameter): Name = "Manufacturer Part Number 1"; Value = "CFR-25JB-220R"; VariantName = "[No Variations]"
Add component (AddParameter): Name = "Package / Case"; Value = "Axial"; VariantName = "[No Variations]"
Add component (AddParameter): Name = "Ratings"; Value = "1/4W"; VariantName = "[No Variations]"
Add component (AddParameter): Name = "SCDType"; Value = "spec"; VariantName = "[No Variations]"
Add component (AddParameter): Name = "Supplier 1"; Value = "Digi-Key"; VariantName = "[No Variations]"
Add component (AddParameter): Name = "Supplier Part Number 1"; Value = "220QBK-ND"; VariantName = "[No Variations]"
Add component (AddParameter): Name = "Tolerance"; Value = "±5%"; VariantName = "[No Variations]"
Add component (AddParameter): Name = "Value"; Value = "220R"; VariantName = "[No Variations]"
Added Component: Designator=R39(RESC1005X40N)
Add component (AddParameter): Name = "Manufacturer 1"; Value = "Yageo"; VariantName = "[No Variations]"
Add component (AddParameter): Name = "Manufacturer Part Number 1"; Value = "CFR-25JB-220R"; VariantName = "[No Variations]"
Add component (AddParameter): Name = "Package / Case"; Value = "Axial"; VariantName = "[No Variations]"
Add component (AddParameter): Name = "Ratings"; Value = "1/4W"; VariantName = "[No Variations]"
Add component (AddParameter): Name = "SCDType"; Value = "spec"; VariantName = "[No Variations]"
Add component (AddParameter): Name = "Supplier 1"; Value = "Digi-Key"; VariantName = "[No Variations]"
Add component (AddParameter): Name = "Supplier Part Number 1"; Value = "220QBK-ND"; VariantName = "[No Variations]"
Add component (AddParameter): Name = "Tolerance"; Value = "±5%"; VariantName = "[No Variations]"
Add component (AddParameter): Name = "Value"; Value = "220R"; VariantName = "[No Variations]"
Added Component: Designator=R40(RESC1005X40N)
Add component (AddParameter): Name = "Manufacturer 1"; Value = "Yageo"; VariantName = "[No Variations]"
Add component (AddParameter): Name = "Manufacturer Part Number 1"; Value = "CFR-25JB-220R"; VariantName = "[No Variations]"
Add component (AddParameter): Name = "Package / Case"; Value = "Axial"; VariantName = "[No Variations]"
Add component (AddParameter): Name = "Ratings"; Value = "1/4W"; VariantName = "[No Variations]"
Add component (AddParameter): Name = "SCDType"; Value = "spec"; VariantName = "[No Variations]"
Add component (AddParameter): Name = "Supplier 1"; Value = "Digi-Key"; VariantName = "[No Variations]"
Add component (AddParameter): Name = "Supplier Part Number 1"; Value = "220QBK-ND"; VariantName = "[No Variations]"
Add component (AddParameter): Name = "Tolerance"; Value = "±5%"; VariantName = "[No Variations]"
Add component (AddParameter): Name = "Value"; Value = "220R"; VariantName = "[No Variations]"
Added Component: Designator=R41(RESC1005X40N)
Add component (AddParameter): Name = "Manufacturer 1"; Value = "Yageo"; VariantName = "[No Variations]"
Add component (AddParameter): Name = "Manufacturer Part Number 1"; Value = "CFR-25JB-220R"; VariantName = "[No Variations]"
Add component (AddParameter): Name = "Package / Case"; Value = "Axial"; VariantName = "[No Variations]"
Add component (AddParameter): Name = "Ratings"; Value = "1/4W"; VariantName = "[No Variations]"
Add component (AddParameter): Name = "SCDType"; Value = "spec"; VariantName = "[No Variations]"
Add component (AddParameter): Name = "Supplier 1"; Value = "Digi-Key"; VariantName = "[No Variations]"
Add component (AddParameter): Name = "Supplier Part Number 1"; Value = "220QBK-ND"; VariantName = "[No Variations]"
Add component (AddParameter): Name = "Tolerance"; Value = "±5%"; VariantName = "[No Variations]"
Add component (AddParameter): Name = "Value"; Value = "220R"; VariantName = "[No Variations]"
Added Component: Designator=R42(RESC1005X40N)
Add component (AddParameter): Name = "Manufacturer 1"; Value = "Yageo"; VariantName = "[No Variations]"
Add component (AddParameter): Name = "Manufacturer Part Number 1"; Value = "CFR-25JB-220R"; VariantName = "[No Variations]"
Add component (AddParameter): Name = "Package / Case"; Value = "Axial"; VariantName = "[No Variations]"
Add component (AddParameter): Name = "Ratings"; Value = "1/4W"; VariantName = "[No Variations]"
Add component (AddParameter): Name = "SCDType"; Value = "spec"; VariantName = "[No Variations]"
Add component (AddParameter): Name = "Supplier 1"; Value = "Digi-Key"; VariantName = "[No Variations]"
Add component (AddParameter): Name = "Supplier Part Number 1"; Value = "220QBK-ND"; VariantName = "[No Variations]"
Add component (AddParameter): Name = "Tolerance"; Value = "±5%"; VariantName = "[No Variations]"
Add component (AddParameter): Name = "Value"; Value = "220R"; VariantName = "[No Variations]"
Added Component: Designator=R43(RESC1005X40N)
Add component (AddParameter): Name = "Manufacturer 1"; Value = "Yageo"; VariantName = "[No Variations]"
Add component (AddParameter): Name = "Manufacturer Part Number 1"; Value = "CFR-25JB-220R"; VariantName = "[No Variations]"
Add component (AddParameter): Name = "Package / Case"; Value = "Axial"; VariantName = "[No Variations]"
Add component (AddParameter): Name = "Ratings"; Value = "1/4W"; VariantName = "[No Variations]"
Add component (AddParameter): Name = "SCDType"; Value = "spec"; VariantName = "[No Variations]"
Add component (AddParameter): Name = "Supplier 1"; Value = "Digi-Key"; VariantName = "[No Variations]"
Add component (AddParameter): Name = "Supplier Part Number 1"; Value = "220QBK-ND"; VariantName = "[No Variations]"
Add component (AddParameter): Name = "Tolerance"; Value = "±5%"; VariantName = "[No Variations]"
Add component (AddParameter): Name = "Value"; Value = "220R"; VariantName = "[No Variations]"
Added Component: Designator=R44(RESC1005X40N)
Add component (AddParameter): Name = "Manufacturer 1"; Value = "Yageo"; VariantName = "[No Variations]"
Add component (AddParameter): Name = "Manufacturer Part Number 1"; Value = "CFR-25JB-220R"; VariantName = "[No Variations]"
Add component (AddParameter): Name = "Package / Case"; Value = "Axial"; VariantName = "[No Variations]"
Add component (AddParameter): Name = "Ratings"; Value = "1/4W"; VariantName = "[No Variations]"
Add component (AddParameter): Name = "SCDType"; Value = "spec"; VariantName = "[No Variations]"
Add component (AddParameter): Name = "Supplier 1"; Value = "Digi-Key"; VariantName = "[No Variations]"
Add component (AddParameter): Name = "Supplier Part Number 1"; Value = "220QBK-ND"; VariantName = "[No Variations]"
Add component (AddParameter): Name = "Tolerance"; Value = "±5%"; VariantName = "[No Variations]"
Add component (AddParameter): Name = "Value"; Value = "220R"; VariantName = "[No Variations]"
Added Component: Designator=R45(RESC1005X40N)
Add component (AddParameter): Name = "Manufacturer 1"; Value = "Yageo"; VariantName = "[No Variations]"
Add component (AddParameter): Name = "Manufacturer Part Number 1"; Value = "CFR-25JB-220R"; VariantName = "[No Variations]"
Add component (AddParameter): Name = "Package / Case"; Value = "Axial"; VariantName = "[No Variations]"
Add component (AddParameter): Name = "Ratings"; Value = "1/4W"; VariantName = "[No Variations]"
Add component (AddParameter): Name = "SCDType"; Value = "spec"; VariantName = "[No Variations]"
Add component (AddParameter): Name = "Supplier 1"; Value = "Digi-Key"; VariantName = "[No Variations]"
Add component (AddParameter): Name = "Supplier Part Number 1"; Value = "220QBK-ND"; VariantName = "[No Variations]"
Add component (AddParameter): Name = "Tolerance"; Value = "±5%"; VariantName = "[No Variations]"
Add component (AddParameter): Name = "Value"; Value = "220R"; VariantName = "[No Variations]"
Added Component: Designator=R46(RESC1005X40N)
Add component (AddParameter): Name = "Manufacturer 1"; Value = "Yageo"; VariantName = "[No Variations]"
Add component (AddParameter): Name = "Manufacturer Part Number 1"; Value = "CFR-25JB-220R"; VariantName = "[No Variations]"
Add component (AddParameter): Name = "Package / Case"; Value = "Axial"; VariantName = "[No Variations]"
Add component (AddParameter): Name = "Ratings"; Value = "1/4W"; VariantName = "[No Variations]"
Add component (AddParameter): Name = "SCDType"; Value = "spec"; VariantName = "[No Variations]"
Add component (AddParameter): Name = "Supplier 1"; Value = "Digi-Key"; VariantName = "[No Variations]"
Add component (AddParameter): Name = "Supplier Part Number 1"; Value = "220QBK-ND"; VariantName = "[No Variations]"
Add component (AddParameter): Name = "Tolerance"; Value = "±5%"; VariantName = "[No Variations]"
Add component (AddParameter): Name = "Value"; Value = "220R"; VariantName = "[No Variations]"
Added Component: Designator=R47(RESC1005X40N)
Add component (AddParameter): Name = "Manufacturer 1"; Value = "Yageo"; VariantName = "[No Variations]"
Add component (AddParameter): Name = "Manufacturer Part Number 1"; Value = "CFR-25JB-220R"; VariantName = "[No Variations]"
Add component (AddParameter): Name = "Package / Case"; Value = "Axial"; VariantName = "[No Variations]"
Add component (AddParameter): Name = "Ratings"; Value = "1/4W"; VariantName = "[No Variations]"
Add component (AddParameter): Name = "SCDType"; Value = "spec"; VariantName = "[No Variations]"
Add component (AddParameter): Name = "Supplier 1"; Value = "Digi-Key"; VariantName = "[No Variations]"
Add component (AddParameter): Name = "Supplier Part Number 1"; Value = "220QBK-ND"; VariantName = "[No Variations]"
Add component (AddParameter): Name = "Tolerance"; Value = "±5%"; VariantName = "[No Variations]"
Add component (AddParameter): Name = "Value"; Value = "220R"; VariantName = "[No Variations]"
Added Component: Designator=R48(RESC1005X40N)
Add component (AddParameter): Name = "Manufacturer 1"; Value = "Yageo"; VariantName = "[No Variations]"
Add component (AddParameter): Name = "Manufacturer Part Number 1"; Value = "CFR-25JB-220R"; VariantName = "[No Variations]"
Add component (AddParameter): Name = "Package / Case"; Value = "Axial"; VariantName = "[No Variations]"
Add component (AddParameter): Name = "Ratings"; Value = "1/4W"; VariantName = "[No Variations]"
Add component (AddParameter): Name = "SCDType"; Value = "spec"; VariantName = "[No Variations]"
Add component (AddParameter): Name = "Supplier 1"; Value = "Digi-Key"; VariantName = "[No Variations]"
Add component (AddParameter): Name = "Supplier Part Number 1"; Value = "220QBK-ND"; VariantName = "[No Variations]"
Add component (AddParameter): Name = "Tolerance"; Value = "±5%"; VariantName = "[No Variations]"
Add component (AddParameter): Name = "Value"; Value = "220R"; VariantName = "[No Variations]"
Added Component: Designator=R49(R1/4W)
Added Component: Designator=R50(R1/4W)
Added Component: Designator=R51(R1/4W)
Added Component: Designator=R52(R1/4W)
Added Component: Designator=R53(R1/4W)
Added Component: Designator=R54(R1/4W)
Added Component: Designator=U1(LM2576t)
Add component (AddParameter): Name = "Code_JEDEC"; Value = "TO-220-AB"; VariantName = "[No Variations]"
Add component (AddParameter): Name = "ComponentLink1Description"; Value = "LM2576 Datasheet"; VariantName = "[No Variations]"
Add component (AddParameter): Name = "ComponentLink1URL"; Value = "http://www.national.com/ds/LM/LM2576.pdf"; VariantName = "[No Variations]"
Add component (AddParameter): Name = "ComponentLink2Description"; Value = "LM2576 Web Page"; VariantName = "[No Variations]"
Add component (AddParameter): Name = "ComponentLink2URL"; Value = "http://www.national.com/pf/LM/LM2576.html"; VariantName = "[No Variations]"
Add component (AddParameter): Name = "ComponentLink3Description"; Value = "T05A Package Page"; VariantName = "[No Variations]"
Add component (AddParameter): Name = "ComponentLink3URL"; Value = "http://www.national.com/packaging/folders/t05a.html"; VariantName = "[No Variations]"
Add component (AddParameter): Name = "CompType"; Value = "Switcher"; VariantName = "[No Variations]"
Add component (AddParameter): Name = "DatasheetVersion"; Value = "Aug-2004"; VariantName = "[No Variations]"
Add component (AddParameter): Name = "DigiKeyPartNumber"; Value = "LM2576T-5.0-ND"; VariantName = "[No Variations]"
Add component (AddParameter): Name = "FirstPublished"; Value = "4-Dec-2008"; VariantName = "[No Variations]"
Add component (AddParameter): Name = "Manufacturer"; Value = "National Semiconductor"; VariantName = "[No Variations]"
Add component (AddParameter): Name = "PackageDescription"; Value = "TO-220, Molded, 5 Lead, Straight"; VariantName = "[No Variations]"
Add component (AddParameter): Name = "PackageReference"; Value = "T05A"; VariantName = "[No Variations]"
Add component (AddParameter): Name = "PackageTopMarking"; Value = "NSUZXYTT*LM2576T*-5.0 P+"; VariantName = "[No Variations]"
Add component (AddParameter): Name = "PackageVersion"; Value = "revJ, Jan-1992"; VariantName = "[No Variations]"
Add component (AddParameter): Name = "PartNumber"; Value = "LM2576T-5.0"; VariantName = "[No Variations]"
Add component (AddParameter): Name = "PinCount"; Value = "5"; VariantName = "[No Variations]"
Add component (AddParameter): Name = "PowerWise"; Value = "N"; VariantName = "[No Variations]"
Add component (AddParameter): Name = "Publisher"; Value = "Altium Limited"; VariantName = "[No Variations]"
Add component (AddParameter): Name = "RoHS"; Value = "O"; VariantName = "[No Variations]"
Added Pin To Net: NetName=DATA Pin=Battery-2
Added Pin To Net: NetName=DATA Pin=BR1-4
Added Pin To Net: NetName=DATA Pin=BT1-2
Added Pin To Net: NetName=DATA Pin=BT1-2
Added Pin To Net: NetName=DATA Pin=BT2-2
Added Pin To Net: NetName=DATA Pin=BT2-2
Added Pin To Net: NetName=DATA Pin=BT3-2
Added Pin To Net: NetName=DATA Pin=BT3-2
Added Pin To Net: NetName=DATA Pin=C1-2
Added Pin To Net: NetName=DATA Pin=C2-1
Added Pin To Net: NetName=DATA Pin=C2-2
Added Pin To Net: NetName=DATA Pin=D1-1
Added Pin To Net: NetName=DATA Pin=DS1-3
Added Pin To Net: NetName=DATA Pin=DS1-8
Added Pin To Net: NetName=DATA Pin=DS2-3
Added Pin To Net: NetName=DATA Pin=DS2-8
Added Pin To Net: NetName=DATA Pin=DS3-3
Added Pin To Net: NetName=DATA Pin=DS3-8
Added Pin To Net: NetName=DATA Pin=DS4-3
Added Pin To Net: NetName=DATA Pin=DS4-8
Added Pin To Net: NetName=DATA Pin=DS5-3
Added Pin To Net: NetName=DATA Pin=DS5-8
Added Pin To Net: NetName=DATA Pin=DS6-3
Added Pin To Net: NetName=DATA Pin=DS6-8
Added Pin To Net: NetName=DATA Pin=HD1-11
Added Pin To Net: NetName=DATA Pin=HD1-13
Added Pin To Net: NetName=DATA Pin=HD1-15
Added Pin To Net: NetName=DATA Pin=HD2-7
Added Pin To Net: NetName=DATA Pin=HD2-9
Added Pin To Net: NetName=DATA Pin=HD2-11
Added Pin To Net: NetName=DATA Pin=HD2-15
Added Pin To Net: NetName=DATA Pin=IC1-8
Added Pin To Net: NetName=DATA Pin=IC1-9
Added Pin To Net: NetName=DATA Pin=IC1-10
Added Pin To Net: NetName=DATA Pin=IC1-11
Added Pin To Net: NetName=DATA Pin=IC1-12
Added Pin To Net: NetName=DATA Pin=IC1-13
Added Pin To Net: NetName=DATA Pin=IC1-14
Added Pin To Net: NetName=DATA Pin=IC1-16
Added Pin To Net: NetName=DATA Pin=IC2-8
Added Pin To Net: NetName=DATA Pin=IC2-10
Added Pin To Net: NetName=DATA Pin=IC2-11
Added Pin To Net: NetName=DATA Pin=IC2-12
Added Pin To Net: NetName=DATA Pin=IC2-13
Added Pin To Net: NetName=DATA Pin=IC2-16
Added Pin To Net: NetName=DATA Pin=IC3-8
Added Pin To Net: NetName=DATA Pin=IC3-10
Added Pin To Net: NetName=DATA Pin=IC3-11
Added Pin To Net: NetName=DATA Pin=IC3-12
Added Pin To Net: NetName=DATA Pin=IC3-13
Added Pin To Net: NetName=DATA Pin=IC3-16
Added Pin To Net: NetName=DATA Pin=IC4-8
Added Pin To Net: NetName=DATA Pin=IC4-10
Added Pin To Net: NetName=DATA Pin=IC4-11
Added Pin To Net: NetName=DATA Pin=IC4-12
Added Pin To Net: NetName=DATA Pin=IC4-13
Added Pin To Net: NetName=DATA Pin=IC4-14
Added Pin To Net: NetName=DATA Pin=IC4-16
Added Pin To Net: NetName=DATA Pin=IC5-8
Added Pin To Net: NetName=DATA Pin=IC5-10
Added Pin To Net: NetName=DATA Pin=IC5-11
Added Pin To Net: NetName=DATA Pin=IC5-12
Added Pin To Net: NetName=DATA Pin=IC5-13
Added Pin To Net: NetName=DATA Pin=IC5-16
Added Pin To Net: NetName=DATA Pin=IC6-8
Added Pin To Net: NetName=DATA Pin=IC6-10
Added Pin To Net: NetName=DATA Pin=IC6-11
Added Pin To Net: NetName=DATA Pin=IC6-12
Added Pin To Net: NetName=DATA Pin=IC6-13
Added Pin To Net: NetName=DATA Pin=IC6-16
Added Pin To Net: NetName=DATA Pin=IC7-4
Added Pin To Net: NetName=DATA Pin=IC7-8
Added Pin To Net: NetName=DATA Pin=L1-2
Added Pin To Net: NetName=DATA Pin=LED1-2
Added Pin To Net: NetName=DATA Pin=P1-2
Added Pin To Net: NetName=DATA Pin=P1-3
Added Pin To Net: NetName=DATA Pin=R49-2
Added Pin To Net: NetName=DATA Pin=R50-2
Added Pin To Net: NetName=DATA Pin=R51-2
Added Pin To Net: NetName=DATA Pin=R52-2
Added Pin To Net: NetName=DATA Pin=R53-2
Added Pin To Net: NetName=DATA Pin=R54-2
Added Pin To Net: NetName=DATA Pin=U1-3
Added Pin To Net: NetName=DATA Pin=U1-4
Added Pin To Net: NetName=DATA Pin=U1-5
Added Net: Name=DATA
Added Pin To Net: NetName=NetBattery_1 Pin=Battery-1
Added Pin To Net: NetName=NetBattery_1 Pin=IC7-3
Added Net: Name=NetBattery_1
Added Pin To Net: NetName=NetBR1_1 Pin=BR1-1
Added Pin To Net: NetName=NetBR1_1 Pin=C1-1
Added Pin To Net: NetName=NetBR1_1 Pin=U1-1
Added Net: Name=NetBR1_1
Added Pin To Net: NetName=NetBR1_2 Pin=BR1-2
Added Pin To Net: NetName=NetBR1_2 Pin=BR1-3
Added Pin To Net: NetName=NetBR1_2 Pin=J1-1
Added Pin To Net: NetName=NetBR1_2 Pin=J1-2
Added Pin To Net: NetName=NetBR1_2 Pin=J1-3
Added Net: Name=NetBR1_2
Added Pin To Net: NetName=NetCT1_1 Pin=CT1-1
Added Pin To Net: NetName=NetCT1_1 Pin=IC7-1
Added Net: Name=NetCT1_1
Added Pin To Net: NetName=NetCT1_2 Pin=CT1-2
Added Pin To Net: NetName=NetCT1_2 Pin=IC7-2
Added Net: Name=NetCT1_2
Added Pin To Net: NetName=NetD1_2 Pin=D1-2
Added Pin To Net: NetName=NetD1_2 Pin=L1-1
Added Pin To Net: NetName=NetD1_2 Pin=U1-2
Added Net: Name=NetD1_2
Added Pin To Net: NetName=NetDS1_1 Pin=DS1-1
Added Pin To Net: NetName=NetDS1_1 Pin=R5-1
Added Net: Name=NetDS1_1
Added Pin To Net: NetName=NetDS1_2 Pin=DS1-2
Added Pin To Net: NetName=NetDS1_2 Pin=R4-1
Added Net: Name=NetDS1_2
Added Pin To Net: NetName=NetDS1_4 Pin=DS1-4
Added Pin To Net: NetName=NetDS1_4 Pin=R3-1
Added Net: Name=NetDS1_4
Added Pin To Net: NetName=NetDS1_5 Pin=DS1-5
Added Pin To Net: NetName=NetDS1_5 Pin=R8-1
Added Net: Name=NetDS1_5
Added Pin To Net: NetName=NetDS1_6 Pin=DS1-6
Added Pin To Net: NetName=NetDS1_6 Pin=R2-1
Added Net: Name=NetDS1_6
Added Pin To Net: NetName=NetDS1_7 Pin=DS1-7
Added Pin To Net: NetName=NetDS1_7 Pin=R1-1
Added Net: Name=NetDS1_7
Added Pin To Net: NetName=NetDS1_9 Pin=DS1-9
Added Pin To Net: NetName=NetDS1_9 Pin=R6-1
Added Net: Name=NetDS1_9
Added Pin To Net: NetName=NetDS1_10 Pin=DS1-10
Added Pin To Net: NetName=NetDS1_10 Pin=R7-1
Added Net: Name=NetDS1_10
Added Pin To Net: NetName=NetDS2_1 Pin=DS2-1
Added Pin To Net: NetName=NetDS2_1 Pin=R13-1
Added Net: Name=NetDS2_1
Added Pin To Net: NetName=NetDS2_2 Pin=DS2-2
Added Pin To Net: NetName=NetDS2_2 Pin=R12-1
Added Net: Name=NetDS2_2
Added Pin To Net: NetName=NetDS2_4 Pin=DS2-4
Added Pin To Net: NetName=NetDS2_4 Pin=R11-1
Added Net: Name=NetDS2_4
Added Pin To Net: NetName=NetDS2_5 Pin=DS2-5
Added Pin To Net: NetName=NetDS2_5 Pin=R16-1
Added Net: Name=NetDS2_5
Added Pin To Net: NetName=NetDS2_6 Pin=DS2-6
Added Pin To Net: NetName=NetDS2_6 Pin=R10-1
Added Net: Name=NetDS2_6
Added Pin To Net: NetName=NetDS2_7 Pin=DS2-7
Added Pin To Net: NetName=NetDS2_7 Pin=R9-1
Added Net: Name=NetDS2_7
Added Pin To Net: NetName=NetDS2_9 Pin=DS2-9
Added Pin To Net: NetName=NetDS2_9 Pin=R14-1
Added Net: Name=NetDS2_9
Added Pin To Net: NetName=NetDS2_10 Pin=DS2-10
Added Pin To Net: NetName=NetDS2_10 Pin=R15-1
Added Net: Name=NetDS2_10
Added Pin To Net: NetName=NetDS3_1 Pin=DS3-1
Added Pin To Net: NetName=NetDS3_1 Pin=R21-1
Added Net: Name=NetDS3_1
Added Pin To Net: NetName=NetDS3_2 Pin=DS3-2
Added Pin To Net: NetName=NetDS3_2 Pin=R20-1
Added Net: Name=NetDS3_2
Added Pin To Net: NetName=NetDS3_4 Pin=DS3-4
Added Pin To Net: NetName=NetDS3_4 Pin=R19-1
Added Net: Name=NetDS3_4
Added Pin To Net: NetName=NetDS3_5 Pin=DS3-5
Added Pin To Net: NetName=NetDS3_5 Pin=R24-1
Added Net: Name=NetDS3_5
Added Pin To Net: NetName=NetDS3_6 Pin=DS3-6
Added Pin To Net: NetName=NetDS3_6 Pin=R18-1
Added Net: Name=NetDS3_6
Added Pin To Net: NetName=NetDS3_7 Pin=DS3-7
Added Pin To Net: NetName=NetDS3_7 Pin=R17-1
Added Net: Name=NetDS3_7
Added Pin To Net: NetName=NetDS3_9 Pin=DS3-9
Added Pin To Net: NetName=NetDS3_9 Pin=R22-1
Added Net: Name=NetDS3_9
Added Pin To Net: NetName=NetDS3_10 Pin=DS3-10
Added Pin To Net: NetName=NetDS3_10 Pin=R23-1
Added Net: Name=NetDS3_10
Added Pin To Net: NetName=NetDS4_1 Pin=DS4-1
Added Pin To Net: NetName=NetDS4_1 Pin=R29-1
Added Net: Name=NetDS4_1
Added Pin To Net: NetName=NetDS4_2 Pin=DS4-2
Added Pin To Net: NetName=NetDS4_2 Pin=R28-1
Added Net: Name=NetDS4_2
Added Pin To Net: NetName=NetDS4_4 Pin=DS4-4
Added Pin To Net: NetName=NetDS4_4 Pin=R27-1
Added Net: Name=NetDS4_4
Added Pin To Net: NetName=NetDS4_5 Pin=DS4-5
Added Pin To Net: NetName=NetDS4_5 Pin=R32-1
Added Net: Name=NetDS4_5
Added Pin To Net: NetName=NetDS4_6 Pin=DS4-6
Added Pin To Net: NetName=NetDS4_6 Pin=R26-1
Added Net: Name=NetDS4_6
Added Pin To Net: NetName=NetDS4_7 Pin=DS4-7
Added Pin To Net: NetName=NetDS4_7 Pin=R25-1
Added Net: Name=NetDS4_7
Added Pin To Net: NetName=NetDS4_9 Pin=DS4-9
Added Pin To Net: NetName=NetDS4_9 Pin=R30-1
Added Net: Name=NetDS4_9
Added Pin To Net: NetName=NetDS4_10 Pin=DS4-10
Added Pin To Net: NetName=NetDS4_10 Pin=R31-1
Added Net: Name=NetDS4_10
Added Pin To Net: NetName=NetDS5_1 Pin=DS5-1
Added Pin To Net: NetName=NetDS5_1 Pin=R37-1
Added Net: Name=NetDS5_1
Added Pin To Net: NetName=NetDS5_2 Pin=DS5-2
Added Pin To Net: NetName=NetDS5_2 Pin=R36-1
Added Net: Name=NetDS5_2
Added Pin To Net: NetName=NetDS5_4 Pin=DS5-4
Added Pin To Net: NetName=NetDS5_4 Pin=R35-1
Added Net: Name=NetDS5_4
Added Pin To Net: NetName=NetDS5_5 Pin=DS5-5
Added Pin To Net: NetName=NetDS5_5 Pin=R40-1
Added Net: Name=NetDS5_5
Added Pin To Net: NetName=NetDS5_6 Pin=DS5-6
Added Pin To Net: NetName=NetDS5_6 Pin=R34-1
Added Net: Name=NetDS5_6
Added Pin To Net: NetName=NetDS5_7 Pin=DS5-7
Added Pin To Net: NetName=NetDS5_7 Pin=R33-1
Added Net: Name=NetDS5_7
Added Pin To Net: NetName=NetDS5_9 Pin=DS5-9
Added Pin To Net: NetName=NetDS5_9 Pin=R38-1
Added Net: Name=NetDS5_9
Added Pin To Net: NetName=NetDS5_10 Pin=DS5-10
Added Pin To Net: NetName=NetDS5_10 Pin=R39-1
Added Net: Name=NetDS5_10
Added Pin To Net: NetName=NetDS6_1 Pin=DS6-1
Added Pin To Net: NetName=NetDS6_1 Pin=R45-1
Added Net: Name=NetDS6_1
Added Pin To Net: NetName=NetDS6_2 Pin=DS6-2
Added Pin To Net: NetName=NetDS6_2 Pin=R44-1
Added Net: Name=NetDS6_2
Added Pin To Net: NetName=NetDS6_4 Pin=DS6-4
Added Pin To Net: NetName=NetDS6_4 Pin=R43-1
Added Net: Name=NetDS6_4
Added Pin To Net: NetName=NetDS6_5 Pin=DS6-5
Added Pin To Net: NetName=NetDS6_5 Pin=R48-1
Added Net: Name=NetDS6_5
Added Pin To Net: NetName=NetDS6_6 Pin=DS6-6
Added Pin To Net: NetName=NetDS6_6 Pin=R42-1
Added Net: Name=NetDS6_6
Added Pin To Net: NetName=NetDS6_7 Pin=DS6-7
Added Pin To Net: NetName=NetDS6_7 Pin=R41-1
Added Net: Name=NetDS6_7
Added Pin To Net: NetName=NetDS6_9 Pin=DS6-9
Added Pin To Net: NetName=NetDS6_9 Pin=R46-1
Added Net: Name=NetDS6_9
Added Pin To Net: NetName=NetDS6_10 Pin=DS6-10
Added Pin To Net: NetName=NetDS6_10 Pin=R47-1
Added Net: Name=NetDS6_10
Added Pin To Net: NetName=NetIC1_1 Pin=IC1-1
Added Pin To Net: NetName=NetIC1_1 Pin=R2-2
Added Net: Name=NetIC1_1
Added Pin To Net: NetName=NetIC1_2 Pin=IC1-2
Added Pin To Net: NetName=NetIC1_2 Pin=R3-2
Added Net: Name=NetIC1_2
Added Pin To Net: NetName=NetIC1_3 Pin=IC1-3
Added Pin To Net: NetName=NetIC1_3 Pin=R4-2
Added Net: Name=NetIC1_3
Added Pin To Net: NetName=NetIC1_4 Pin=IC1-4
Added Pin To Net: NetName=NetIC1_4 Pin=R5-2
Added Net: Name=NetIC1_4
Added Pin To Net: NetName=NetIC1_5 Pin=IC1-5
Added Pin To Net: NetName=NetIC1_5 Pin=R6-2
Added Net: Name=NetIC1_5
Added Pin To Net: NetName=NetIC1_6 Pin=IC1-6
Added Pin To Net: NetName=NetIC1_6 Pin=R7-2
Added Net: Name=NetIC1_6
Added Pin To Net: NetName=NetIC1_7 Pin=IC1-7
Added Pin To Net: NetName=NetIC1_7 Pin=R8-2
Added Net: Name=NetIC1_7
Added Pin To Net: NetName=NetIC1_15 Pin=IC1-15
Added Pin To Net: NetName=NetIC1_15 Pin=R1-2
Added Net: Name=NetIC1_15
Added Pin To Net: NetName=NetIC2_1 Pin=IC2-1
Added Pin To Net: NetName=NetIC2_1 Pin=R18-2
Added Net: Name=NetIC2_1
Added Pin To Net: NetName=NetIC2_2 Pin=IC2-2
Added Pin To Net: NetName=NetIC2_2 Pin=R19-2
Added Net: Name=NetIC2_2
Added Pin To Net: NetName=NetIC2_3 Pin=IC2-3
Added Pin To Net: NetName=NetIC2_3 Pin=R20-2
Added Net: Name=NetIC2_3
Added Pin To Net: NetName=NetIC2_4 Pin=IC2-4
Added Pin To Net: NetName=NetIC2_4 Pin=R21-2
Added Net: Name=NetIC2_4
Added Pin To Net: NetName=NetIC2_5 Pin=IC2-5
Added Pin To Net: NetName=NetIC2_5 Pin=R22-2
Added Net: Name=NetIC2_5
Added Pin To Net: NetName=NetIC2_6 Pin=IC2-6
Added Pin To Net: NetName=NetIC2_6 Pin=R23-2
Added Net: Name=NetIC2_6
Added Pin To Net: NetName=NetIC2_7 Pin=IC2-7
Added Pin To Net: NetName=NetIC2_7 Pin=R24-2
Added Net: Name=NetIC2_7
Added Pin To Net: NetName=NetIC2_9 Pin=IC2-9
Added Pin To Net: NetName=NetIC2_9 Pin=IC5-14
Added Net: Name=NetIC2_9
Added Pin To Net: NetName=NetIC2_15 Pin=IC2-15
Added Pin To Net: NetName=NetIC2_15 Pin=R17-2
Added Net: Name=NetIC2_15
Added Pin To Net: NetName=NetIC3_1 Pin=IC3-1
Added Pin To Net: NetName=NetIC3_1 Pin=R34-2
Added Net: Name=NetIC3_1
Added Pin To Net: NetName=NetIC3_2 Pin=IC3-2
Added Pin To Net: NetName=NetIC3_2 Pin=R35-2
Added Net: Name=NetIC3_2
Added Pin To Net: NetName=NetIC3_3 Pin=IC3-3
Added Pin To Net: NetName=NetIC3_3 Pin=R36-2
Added Net: Name=NetIC3_3
Added Pin To Net: NetName=NetIC3_4 Pin=IC3-4
Added Pin To Net: NetName=NetIC3_4 Pin=R37-2
Added Net: Name=NetIC3_4
Added Pin To Net: NetName=NetIC3_5 Pin=IC3-5
Added Pin To Net: NetName=NetIC3_5 Pin=R38-2
Added Net: Name=NetIC3_5
Added Pin To Net: NetName=NetIC3_6 Pin=IC3-6
Added Pin To Net: NetName=NetIC3_6 Pin=R39-2
Added Net: Name=NetIC3_6
Added Pin To Net: NetName=NetIC3_7 Pin=IC3-7
Added Pin To Net: NetName=NetIC3_7 Pin=R40-2
Added Net: Name=NetIC3_7
Added Pin To Net: NetName=NetIC3_9 Pin=IC3-9
Added Pin To Net: NetName=NetIC3_9 Pin=IC6-14
Added Net: Name=NetIC3_9
Added Pin To Net: NetName=NetIC3_15 Pin=IC3-15
Added Pin To Net: NetName=NetIC3_15 Pin=R33-2
Added Net: Name=NetIC3_15
Added Pin To Net: NetName=NetIC4_1 Pin=IC4-1
Added Pin To Net: NetName=NetIC4_1 Pin=R10-2
Added Net: Name=NetIC4_1
Added Pin To Net: NetName=NetIC4_2 Pin=IC4-2
Added Pin To Net: NetName=NetIC4_2 Pin=R11-2
Added Net: Name=NetIC4_2
Added Pin To Net: NetName=NetIC4_3 Pin=IC4-3
Added Pin To Net: NetName=NetIC4_3 Pin=R12-2
Added Net: Name=NetIC4_3
Added Pin To Net: NetName=NetIC4_4 Pin=IC4-4
Added Pin To Net: NetName=NetIC4_4 Pin=R13-2
Added Net: Name=NetIC4_4
Added Pin To Net: NetName=NetIC4_5 Pin=IC4-5
Added Pin To Net: NetName=NetIC4_5 Pin=R14-2
Added Net: Name=NetIC4_5
Added Pin To Net: NetName=NetIC4_6 Pin=IC4-6
Added Pin To Net: NetName=NetIC4_6 Pin=R15-2
Added Net: Name=NetIC4_6
Added Pin To Net: NetName=NetIC4_7 Pin=IC4-7
Added Pin To Net: NetName=NetIC4_7 Pin=R16-2
Added Net: Name=NetIC4_7
Added Pin To Net: NetName=NetIC4_15 Pin=IC4-15
Added Pin To Net: NetName=NetIC4_15 Pin=R9-2
Added Net: Name=NetIC4_15
Added Pin To Net: NetName=NetIC5_1 Pin=IC5-1
Added Pin To Net: NetName=NetIC5_1 Pin=R26-2
Added Net: Name=NetIC5_1
Added Pin To Net: NetName=NetIC5_2 Pin=IC5-2
Added Pin To Net: NetName=NetIC5_2 Pin=R27-2
Added Net: Name=NetIC5_2
Added Pin To Net: NetName=NetIC5_3 Pin=IC5-3
Added Pin To Net: NetName=NetIC5_3 Pin=R28-2
Added Net: Name=NetIC5_3
Added Pin To Net: NetName=NetIC5_4 Pin=IC5-4
Added Pin To Net: NetName=NetIC5_4 Pin=R29-2
Added Net: Name=NetIC5_4
Added Pin To Net: NetName=NetIC5_5 Pin=IC5-5
Added Pin To Net: NetName=NetIC5_5 Pin=R30-2
Added Net: Name=NetIC5_5
Added Pin To Net: NetName=NetIC5_6 Pin=IC5-6
Added Pin To Net: NetName=NetIC5_6 Pin=R31-2
Added Net: Name=NetIC5_6
Added Pin To Net: NetName=NetIC5_7 Pin=IC5-7
Added Pin To Net: NetName=NetIC5_7 Pin=R32-2
Added Net: Name=NetIC5_7
Added Pin To Net: NetName=NetIC5_15 Pin=IC5-15
Added Pin To Net: NetName=NetIC5_15 Pin=R25-2
Added Net: Name=NetIC5_15
Added Pin To Net: NetName=NetIC6_1 Pin=IC6-1
Added Pin To Net: NetName=NetIC6_1 Pin=R42-2
Added Net: Name=NetIC6_1
Added Pin To Net: NetName=NetIC6_2 Pin=IC6-2
Added Pin To Net: NetName=NetIC6_2 Pin=R43-2
Added Net: Name=NetIC6_2
Added Pin To Net: NetName=NetIC6_3 Pin=IC6-3
Added Pin To Net: NetName=NetIC6_3 Pin=R44-2
Added Net: Name=NetIC6_3
Added Pin To Net: NetName=NetIC6_4 Pin=IC6-4
Added Pin To Net: NetName=NetIC6_4 Pin=R45-2
Added Net: Name=NetIC6_4
Added Pin To Net: NetName=NetIC6_5 Pin=IC6-5
Added Pin To Net: NetName=NetIC6_5 Pin=R46-2
Added Net: Name=NetIC6_5
Added Pin To Net: NetName=NetIC6_6 Pin=IC6-6
Added Pin To Net: NetName=NetIC6_6 Pin=R47-2
Added Net: Name=NetIC6_6
Added Pin To Net: NetName=NetIC6_7 Pin=IC6-7
Added Pin To Net: NetName=NetIC6_7 Pin=R48-2
Added Net: Name=NetIC6_7
Added Pin To Net: NetName=NetIC6_15 Pin=IC6-15
Added Pin To Net: NetName=NetIC6_15 Pin=R41-2
Added Net: Name=NetIC6_15
Added Pin To Net: NetName=NetLED1_1 Pin=LED1-1
Added Pin To Net: NetName=NetLED1_1 Pin=R54-1
Added Net: Name=NetLED1_1
Added Pin To Net: NetName=RX BLUE Pin=HD1-3
Added Pin To Net: NetName=RX BLUE Pin=P1-5
Added Net: Name=RX BLUE
Added Pin To Net: NetName=RX CHIP Pin=HD1-5
Added Pin To Net: NetName=RX CHIP Pin=P1-4
Added Net: Name=RX CHIP
Added Pin To Net: NetName=SCL Pin=IC7-6
Added Pin To Net: NetName=SCL Pin=P2-11
Added Pin To Net: NetName=SCL Pin=R53-1
Added Net: Name=SCL
Added Pin To Net: NetName=SDA Pin=IC7-5
Added Pin To Net: NetName=SDA Pin=P2-9
Added Pin To Net: NetName=SDA Pin=R52-1
Added Net: Name=SDA
Added Pin To Net: NetName=SRL01 Pin=IC2-14
Added Pin To Net: NetName=SRL01 Pin=IC4-9
Added Net: Name=SRL01
Added Pin To Net: NetName=SRL02 Pin=IC3-14
Added Pin To Net: NetName=SRL02 Pin=IC5-9
Added Net: Name=SRL02
Added Pin To Net: NetName=SW1 Pin=BT1-1
Added Pin To Net: NetName=SW1 Pin=BT1-1
Added Pin To Net: NetName=SW1 Pin=HD1-12
Added Pin To Net: NetName=SW1 Pin=R49-1
Added Net: Name=SW1
Added Pin To Net: NetName=SW2 Pin=BT2-1
Added Pin To Net: NetName=SW2 Pin=BT2-1
Added Pin To Net: NetName=SW2 Pin=HD1-14
Added Pin To Net: NetName=SW2 Pin=R51-1
Added Net: Name=SW2
Added Pin To Net: NetName=SW3 Pin=BT3-1
Added Pin To Net: NetName=SW3 Pin=BT3-1
Added Pin To Net: NetName=SW3 Pin=HD1-16
Added Pin To Net: NetName=SW3 Pin=R50-1
Added Net: Name=SW3
Added Class: Name=Sheet1
Added Room: Name=Sheet1
